<?xml version="1.0" encoding="UTF-8"?>
<!-- Generated by org.testng.reporters.JUnitReportReporter -->
<testsuite hostname="LAPTOP-P8DSHPA7" failures="0" tests="1" name="runner.loginrunner" time="19.939" errors="0" timestamp="2024-03-12T13:13:35 IST" skipped="0">
  <testcase classname="runner.loginrunner" name="runScenario" time="19.939"/>
  <system-out/>
</testsuite> <!-- runner.loginrunner -->
